Flow report for AMVE_TopLevel
Mon Nov 15 20:45:27 2010
Quartus II Version 9.1 Build 222 10/21/2009 SJ Full Version


---------------------
; Table of Contents ;
---------------------
  1. Legal Notice
  2. Flow Summary
  3. Flow Settings
  4. Flow Non-Default Global Settings
  5. Flow Elapsed Time
  6. Flow OS Summary
  7. Flow Log



----------------
; Legal Notice ;
----------------
Copyright (C) 1991-2009 Altera Corporation
Your use of Altera Corporation's design tools, logic functions 
and other software and tools, and its AMPP partner logic 
functions, and any output files from any of the foregoing 
(including device programming or simulation files), and any 
associated documentation or information are expressly subject 
to the terms and conditions of the Altera Program License 
Subscription Agreement, Altera MegaCore Function License 
Agreement, or other applicable license agreement, including, 
without limitation, that your use is for the sole purpose of 
programming logic devices manufactured by Altera and sold by 
Altera or its authorized distributors.  Please refer to the 
applicable agreement for further details.



+-------------------------------------------------------------------------------+
; Flow Summary                                                                  ;
+------------------------------------+------------------------------------------+
; Flow Status                        ; Successful - Mon Nov 15 20:45:27 2010    ;
; Quartus II Version                 ; 9.1 Build 222 10/21/2009 SJ Full Version ;
; Revision Name                      ; AMVE_TopLevel                            ;
; Top-level Entity Name              ; AMVE_TopLevel                            ;
; Family                             ; Cyclone II                               ;
; Device                             ; EP2C35F672C6                             ;
; Timing Models                      ; Final                                    ;
; Met timing requirements            ; No                                       ;
; Total logic elements               ; 3,235 / 33,216 ( 10 % )                  ;
;     Total combinational functions  ; 2,871 / 33,216 ( 9 % )                   ;
;     Dedicated logic registers      ; 1,864 / 33,216 ( 6 % )                   ;
; Total registers                    ; 1864                                     ;
; Total pins                         ; 86 / 475 ( 18 % )                        ;
; Total virtual pins                 ; 0                                        ;
; Total memory bits                  ; 52,352 / 483,840 ( 11 % )                ;
; Embedded Multiplier 9-bit elements ; 8 / 70 ( 11 % )                          ;
; Total PLLs                         ; 1 / 4 ( 25 % )                           ;
+------------------------------------+------------------------------------------+


+-----------------------------------------+
; Flow Settings                           ;
+-------------------+---------------------+
; Option            ; Setting             ;
+-------------------+---------------------+
; Start date & time ; 11/15/2010 20:42:33 ;
; Main task         ; Compilation         ;
; Revision Name     ; AMVE_TopLevel       ;
+-------------------+---------------------+


+------------------------------------------------------------------------------------------------------------------+
; Flow Non-Default Global Settings                                                                                 ;
+------------------------------------+------------------------------+---------------+-------------+----------------+
; Assignment Name                    ; Value                        ; Default Value ; Entity Name ; Section Id     ;
+------------------------------------+------------------------------+---------------+-------------+----------------+
; COMPILER_SIGNATURE_ID              ; 110898110285.128985015207336 ; --            ; --          ; --             ;
; IP_TOOL_NAME                       ; ALTPLL                       ; --            ; --          ; --             ;
; IP_TOOL_VERSION                    ; 9.1                          ; --            ; --          ; --             ;
; MAX_CORE_JUNCTION_TEMP             ; 85                           ; --            ; --          ; --             ;
; MIN_CORE_JUNCTION_TEMP             ; 0                            ; --            ; --          ; --             ;
; MISC_FILE                          ; altpll0.bsf                  ; --            ; --          ; --             ;
; MISC_FILE                          ; altpll0.cmp                  ; --            ; --          ; --             ;
; MISC_FILE                          ; altpll0.ppf                  ; --            ; --          ; --             ;
; PARTITION_COLOR                    ; 16764057                     ; --            ; --          ; Top            ;
; PARTITION_NETLIST_TYPE             ; SOURCE                       ; --            ; --          ; Top            ;
; SOPC_BUILDER_SIGNATURE_ID          ; 0019D20ADF4D0000012C50F62878 ; --            ; --          ; --             ;
; USE_GENERATED_PHYSICAL_CONSTRAINTS ; Off                          ; --            ; --          ; eda_blast_fpga ;
+------------------------------------+------------------------------+---------------+-------------+----------------+


+-----------------------------------------------------------------------------------------------------------------------------+
; Flow Elapsed Time                                                                                                           ;
+-------------------------+--------------+-------------------------+---------------------+------------------------------------+
; Module Name             ; Elapsed Time ; Average Processors Used ; Peak Virtual Memory ; Total CPU Time (on all processors) ;
+-------------------------+--------------+-------------------------+---------------------+------------------------------------+
; Analysis & Synthesis    ; 00:01:12     ; 1.0                     ; 245 MB              ; 00:01:02                           ;
; Fitter                  ; 00:01:14     ; 1.4                     ; 261 MB              ; 00:01:23                           ;
; Assembler               ; 00:00:08     ; 1.0                     ; 225 MB              ; 00:00:06                           ;
; Classic Timing Analyzer ; 00:00:05     ; 1.0                     ; 151 MB              ; 00:00:04                           ;
; Total                   ; 00:02:39     ; --                      ; --                  ; 00:02:35                           ;
+-------------------------+--------------+-------------------------+---------------------+------------------------------------+


+---------------------------------------------------------------------------------------+
; Flow OS Summary                                                                       ;
+-------------------------+------------------+------------+------------+----------------+
; Module Name             ; Machine Hostname ; OS Name    ; OS Version ; Processor type ;
+-------------------------+------------------+------------+------------+----------------+
; Analysis & Synthesis    ; PODER-M1         ; Windows XP ; 5.1        ; i686           ;
; Fitter                  ; PODER-M1         ; Windows XP ; 5.1        ; i686           ;
; Assembler               ; PODER-M1         ; Windows XP ; 5.1        ; i686           ;
; Classic Timing Analyzer ; PODER-M1         ; Windows XP ; 5.1        ; i686           ;
+-------------------------+------------------+------------+------------+----------------+


------------
; Flow Log ;
------------
quartus_map --read_settings_files=on --write_settings_files=off AMVE_TopLevel -c AMVE_TopLevel
quartus_fit --read_settings_files=off --write_settings_files=off AMVE_TopLevel -c AMVE_TopLevel
quartus_asm --read_settings_files=off --write_settings_files=off AMVE_TopLevel -c AMVE_TopLevel
quartus_tan --read_settings_files=off --write_settings_files=off AMVE_TopLevel -c AMVE_TopLevel --timing_analysis_only



